Started GET "/" for ::1 at 2020-08-02 16:32:37 +0300
Processing by Rails::WelcomeController#index as HTML
  Rendering /home/muzz-art/.rbenv/versions/2.7.0/lib/ruby/gems/2.7.0/gems/railties-5.2.4.3/lib/rails/templates/rails/welcome/index.html.erb
  Rendered /home/muzz-art/.rbenv/versions/2.7.0/lib/ruby/gems/2.7.0/gems/railties-5.2.4.3/lib/rails/templates/rails/welcome/index.html.erb (3.8ms)
Completed 200 OK in 16ms (Views: 9.1ms | ActiveRecord: 0.0ms)


Started GET "/home" for ::1 at 2020-08-02 16:32:43 +0300
Processing by PagesController#home as HTML
  Rendering pages/home.html.erb within layouts/application
  Rendered pages/home.html.erb within layouts/application (9.1ms)
Completed 200 OK in 3670ms (Views: 3668.5ms | ActiveRecord: 0.0ms)


Started GET "/home" for ::1 at 2020-08-02 17:19:05 +0300
Processing by PagesController#home as HTML
  Rendering pages/home.html.erb within layouts/application
  Rendered pages/home.html.erb within layouts/application (0.6ms)
Completed 500 Internal Server Error in 70ms (ActiveRecord: 0.0ms)


  
ActionView::Template::Error (Missing partial pages/_navigation, application/_navigation with {:locale=>[:en], :formats=>[:html], :variants=>[], :handlers=>[:raw, :erb, :html, :builder, :ruby, :coffee, :jbuilder]}. Searched in:
  * "/home/muzz-art/Documents/rails-essentials/MyRecipeApp/app/views"
):
    10:   </head>
    11: 
    12:   <body>
    13:     <%= render 'navigation'%>
    14: 
    15:     <div class='container'>
    16:       <%= yield %>
  
app/views/layouts/application.html.erb:13:in `_app_views_layouts_application_html_erb__832158747844611449_16160'
Started GET "/home" for ::1 at 2020-08-02 17:19:35 +0300
Processing by PagesController#home as HTML
  Rendering pages/home.html.erb within layouts/application
  Rendered pages/home.html.erb within layouts/application (1.3ms)
  Rendered layouts/_navigation.html.erb (0.6ms)
Completed 200 OK in 48ms (Views: 46.0ms | ActiveRecord: 0.0ms)


Started GET "/home" for ::1 at 2020-08-02 17:21:22 +0300
Processing by PagesController#home as HTML
  Rendering pages/home.html.erb within layouts/application
  Rendered pages/home.html.erb within layouts/application (1.2ms)
Completed 500 Internal Server Error in 5ms (ActiveRecord: 0.0ms)


  
SyntaxError (/home/muzz-art/Documents/rails-essentials/MyRecipeApp/app/views/layouts/application.html.erb:13: syntax error, unexpected tLABEL
...@output_buffer.append=( render: 'navigation');@output_buffer...
...                        ^~~~~~~
):
  
app/views/layouts/application.html.erb:13: syntax error, unexpected tLABEL
Started GET "/home" for ::1 at 2020-08-02 17:21:37 +0300
Processing by PagesController#home as HTML
  Rendering pages/home.html.erb within layouts/application
  Rendered pages/home.html.erb within layouts/application (0.8ms)
Completed 500 Internal Server Error in 6ms (ActiveRecord: 0.0ms)


  
SyntaxError (/home/muzz-art/Documents/rails-essentials/MyRecipeApp/app/views/layouts/application.html.erb:13: syntax error, unexpected tLABEL
...@output_buffer.append=( render: :navigation );@output_buffer...
...                        ^~~~~~~
):
  
app/views/layouts/application.html.erb:13: syntax error, unexpected tLABEL
Started GET "/home" for ::1 at 2020-08-02 17:24:05 +0300
Processing by PagesController#home as HTML
  Rendering pages/home.html.erb within layouts/application
  Rendered pages/home.html.erb within layouts/application (1.5ms)
Completed 500 Internal Server Error in 57ms (ActiveRecord: 0.0ms)


  
ActionView::Template::Error (You invoked render but did not give any of :partial, :template, :inline, :file, :plain, :html or :body option.):
    10:   </head>
    11: 
    12:   <body>
    13:     <%= render :layout => 'navigation' %>
    14: 
    15:     <div class='container'>
    16:       <%= yield %>
  
app/views/layouts/application.html.erb:13:in `_app_views_layouts_application_html_erb__832158747844611449_17960'
Started GET "/home" for ::1 at 2020-08-02 17:24:34 +0300
Processing by PagesController#home as HTML
  Rendering pages/home.html.erb within layouts/application
  Rendered pages/home.html.erb within layouts/application (0.7ms)
  Rendered layouts/_navigation.html.erb (0.6ms)
Completed 200 OK in 52ms (Views: 51.3ms | ActiveRecord: 0.0ms)


Started GET "/home" for ::1 at 2020-08-02 17:25:51 +0300
Processing by PagesController#home as HTML
  Rendering pages/home.html.erb within layouts/application
  Rendered pages/home.html.erb within layouts/application (0.7ms)
  Rendered layouts/_navigation.html.erb (0.7ms)
Completed 200 OK in 49ms (Views: 48.1ms | ActiveRecord: 0.0ms)


Started GET "/" for ::1 at 2020-08-02 17:25:56 +0300
Processing by PagesController#home as HTML
  Rendering pages/home.html.erb within layouts/application
  Rendered pages/home.html.erb within layouts/application (0.7ms)
  Rendered layouts/_navigation.html.erb (0.5ms)
Completed 200 OK in 48ms (Views: 46.8ms | ActiveRecord: 0.0ms)


Started GET "/" for ::1 at 2020-08-02 17:26:02 +0300
Processing by PagesController#home as HTML
  Rendering pages/home.html.erb within layouts/application
  Rendered pages/home.html.erb within layouts/application (1.3ms)
  Rendered layouts/_navigation.html.erb (0.6ms)
Completed 200 OK in 53ms (Views: 51.3ms | ActiveRecord: 0.0ms)


Started GET "/" for ::1 at 2020-08-02 17:26:04 +0300
Processing by PagesController#home as HTML
  Rendering pages/home.html.erb within layouts/application
  Rendered pages/home.html.erb within layouts/application (1.1ms)
  Rendered layouts/_navigation.html.erb (0.6ms)
Completed 200 OK in 48ms (Views: 47.0ms | ActiveRecord: 0.0ms)


Started GET "/" for ::1 at 2020-08-02 17:26:05 +0300
Processing by PagesController#home as HTML
  Rendering pages/home.html.erb within layouts/application
  Rendered pages/home.html.erb within layouts/application (0.8ms)
  Rendered layouts/_navigation.html.erb (0.5ms)
Completed 200 OK in 53ms (Views: 52.5ms | ActiveRecord: 0.0ms)


Started GET "/" for ::1 at 2020-08-02 17:26:06 +0300
Processing by PagesController#home as HTML
  Rendering pages/home.html.erb within layouts/application
  Rendered pages/home.html.erb within layouts/application (1.0ms)
  Rendered layouts/_navigation.html.erb (0.6ms)
Completed 200 OK in 59ms (Views: 58.3ms | ActiveRecord: 0.0ms)


Started GET "/" for ::1 at 2020-08-02 17:26:07 +0300
Processing by PagesController#home as HTML
  Rendering pages/home.html.erb within layouts/application
  Rendered pages/home.html.erb within layouts/application (1.1ms)
  Rendered layouts/_navigation.html.erb (1.0ms)
Completed 200 OK in 56ms (Views: 55.0ms | ActiveRecord: 0.0ms)


Started GET "/" for ::1 at 2020-08-02 17:26:09 +0300
Processing by PagesController#home as HTML
  Rendering pages/home.html.erb within layouts/application
  Rendered pages/home.html.erb within layouts/application (1.0ms)
  Rendered layouts/_navigation.html.erb (0.8ms)
Completed 200 OK in 58ms (Views: 56.4ms | ActiveRecord: 0.0ms)


Started GET "/" for ::1 at 2020-08-02 17:26:10 +0300
Processing by PagesController#home as HTML
  Rendering pages/home.html.erb within layouts/application
  Rendered pages/home.html.erb within layouts/application (1.4ms)
  Rendered layouts/_navigation.html.erb (0.6ms)
Completed 200 OK in 55ms (Views: 53.7ms | ActiveRecord: 0.0ms)


Started GET "/" for ::1 at 2020-08-02 17:26:11 +0300
Processing by PagesController#home as HTML
  Rendering pages/home.html.erb within layouts/application
  Rendered pages/home.html.erb within layouts/application (0.9ms)
  Rendered layouts/_navigation.html.erb (0.6ms)
Completed 200 OK in 53ms (Views: 52.0ms | ActiveRecord: 0.0ms)


Started GET "/" for ::1 at 2020-08-02 17:28:10 +0300
Processing by PagesController#home as HTML
  Rendering pages/home.html.erb within layouts/application
  Rendered pages/home.html.erb within layouts/application (1.1ms)
  Rendered layouts/_navigation.html.erb (0.6ms)
Completed 500 Internal Server Error in 65ms (ActiveRecord: 0.0ms)


  
ActionView::Template::Error (Missing partial layouts/_footer with {:locale=>[:en], :formats=>[:html], :variants=>[], :handlers=>[:raw, :erb, :html, :builder, :ruby, :coffee, :jbuilder]}. Searched in:
  * "/home/muzz-art/Documents/rails-essentials/MyRecipeApp/app/views"
):
    14: 
    15:     <div class='container'>
    16:       <%= yield %>
    17:       <%= render 'layouts/footer' %>
    18:     </div>
    19: 
    20:     
  
app/views/layouts/application.html.erb:17:in `_app_views_layouts_application_html_erb__832158747844611449_20820'
Started GET "/" for ::1 at 2020-08-02 17:29:21 +0300
Processing by PagesController#home as HTML
  Rendering pages/home.html.erb within layouts/application
  Rendered pages/home.html.erb within layouts/application (0.8ms)
  Rendered layouts/_navigation.html.erb (0.9ms)
  Rendered layouts/_footer.html.erb (0.2ms)
Completed 200 OK in 51ms (Views: 49.4ms | ActiveRecord: 0.0ms)


Started GET "/" for ::1 at 2020-08-02 17:31:58 +0300
Processing by PagesController#home as HTML
  Rendering pages/home.html.erb within layouts/application
  Rendered pages/home.html.erb within layouts/application (0.9ms)
  Rendered layouts/_navigation.html.erb (0.5ms)
  Rendered layouts/_footer.html.erb (0.2ms)
Completed 200 OK in 49ms (Views: 48.0ms | ActiveRecord: 0.0ms)


  [1m[35m (0.1ms)[0m  [1m[34mSELECT sqlite_version(*)[0m
  ↳ /home/muzz-art/.rbenv/versions/2.7.0/bin/rake:23
  [1m[35m (133.7ms)[0m  [1m[35mCREATE TABLE "schema_migrations" ("version" varchar NOT NULL PRIMARY KEY)[0m
  ↳ /home/muzz-art/.rbenv/versions/2.7.0/bin/rake:23
  [1m[35m (134.5ms)[0m  [1m[35mCREATE TABLE "ar_internal_metadata" ("key" varchar NOT NULL PRIMARY KEY, "value" varchar, "created_at" datetime NOT NULL, "updated_at" datetime NOT NULL)[0m
  ↳ /home/muzz-art/.rbenv/versions/2.7.0/bin/rake:23
  [1m[36mActiveRecord::InternalMetadata Load (0.2ms)[0m  [1m[34mSELECT  "ar_internal_metadata".* FROM "ar_internal_metadata" WHERE "ar_internal_metadata"."key" = ? LIMIT ?[0m  [["key", "environment"], ["LIMIT", 1]]
  ↳ /home/muzz-art/.rbenv/versions/2.7.0/bin/rake:23
  [1m[35m (0.1ms)[0m  [1m[36mbegin transaction[0m
  ↳ /home/muzz-art/.rbenv/versions/2.7.0/bin/rake:23
  [1m[36mActiveRecord::InternalMetadata Create (0.3ms)[0m  [1m[32mINSERT INTO "ar_internal_metadata" ("key", "value", "created_at", "updated_at") VALUES (?, ?, ?, ?)[0m  [["key", "environment"], ["value", "development"], ["created_at", "2020-08-02 15:59:03.681982"], ["updated_at", "2020-08-02 15:59:03.681982"]]
  ↳ /home/muzz-art/.rbenv/versions/2.7.0/bin/rake:23
  [1m[35m (99.1ms)[0m  [1m[36mcommit transaction[0m
  ↳ /home/muzz-art/.rbenv/versions/2.7.0/bin/rake:23
  [1m[35m (0.1ms)[0m  [1m[34mSELECT "schema_migrations"."version" FROM "schema_migrations" ORDER BY "schema_migrations"."version" ASC[0m
  ↳ /home/muzz-art/.rbenv/versions/2.7.0/bin/rake:23
Started GET "/" for ::1 at 2020-08-02 19:41:02 +0300
Processing by PagesController#home as HTML
  Rendering pages/home.html.erb within layouts/application
  Rendered pages/home.html.erb within layouts/application (0.8ms)
Completed 500 Internal Server Error in 21ms (ActiveRecord: 0.0ms)


  
LoadError (cannot load such file -- sassc):
  
app/views/layouts/application.html.erb:8:in `_app_views_layouts_application_html_erb__290227933253474952_13680'
Started GET "/" for ::1 at 2020-08-02 19:43:44 +0300
Processing by PagesController#home as HTML
  Rendering pages/home.html.erb within layouts/application
  Rendered pages/home.html.erb within layouts/application (1.1ms)
Completed 500 Internal Server Error in 17ms (ActiveRecord: 0.0ms)


  
LoadError (cannot load such file -- sassc):
  
app/views/layouts/application.html.erb:8:in `_app_views_layouts_application_html_erb__290227933253474952_14320'
Started GET "/" for ::1 at 2020-08-02 19:43:46 +0300
Processing by PagesController#home as HTML
  Rendering pages/home.html.erb within layouts/application
  Rendered pages/home.html.erb within layouts/application (1.1ms)
Completed 500 Internal Server Error in 11ms (ActiveRecord: 0.0ms)


  
LoadError (cannot load such file -- sassc):
  
app/views/layouts/application.html.erb:8:in `_app_views_layouts_application_html_erb__290227933253474952_14900'
Started GET "/" for ::1 at 2020-08-02 19:44:17 +0300
Processing by PagesController#home as HTML
  Rendering pages/home.html.erb within layouts/application
  Rendered pages/home.html.erb within layouts/application (0.8ms)
  Rendered layouts/_navigation.html.erb (0.5ms)
  Rendered layouts/_footer.html.erb (0.2ms)
Completed 200 OK in 225ms (Views: 218.9ms | ActiveRecord: 0.0ms)


  [1m[35m (0.1ms)[0m  [1m[34mSELECT "schema_migrations"."version" FROM "schema_migrations" ORDER BY "schema_migrations"."version" ASC[0m
  ↳ bin/rails:9
Migrating to CreateRecipes (20200803165515)
  [1m[35m (0.1ms)[0m  [1m[36mbegin transaction[0m
  ↳ bin/rails:9
  [1m[35m (0.2ms)[0m  [1m[34mSELECT sqlite_version(*)[0m
  ↳ db/migrate/20200803165515_create_recipes.rb:3
  [1m[35m (0.6ms)[0m  [1m[35mCREATE TABLE "recipes" ("id" integer PRIMARY KEY AUTOINCREMENT NOT NULL, "name" varchar, "sumery" text, "description" text, "created_at" datetime NOT NULL, "updated_at" datetime NOT NULL)[0m
  ↳ db/migrate/20200803165515_create_recipes.rb:3
  [1m[36mActiveRecord::SchemaMigration Create (0.3ms)[0m  [1m[32mINSERT INTO "schema_migrations" ("version") VALUES (?)[0m  [["version", "20200803165515"]]
  ↳ bin/rails:9
  [1m[35m (135.1ms)[0m  [1m[36mcommit transaction[0m
  ↳ bin/rails:9
  [1m[36mActiveRecord::InternalMetadata Load (0.5ms)[0m  [1m[34mSELECT  "ar_internal_metadata".* FROM "ar_internal_metadata" WHERE "ar_internal_metadata"."key" = ? LIMIT ?[0m  [["key", "environment"], ["LIMIT", 1]]
  ↳ bin/rails:9
  [1m[35m (0.1ms)[0m  [1m[36mbegin transaction[0m
  ↳ bin/rails:9
  [1m[35m (0.1ms)[0m  [1m[36mcommit transaction[0m
  ↳ bin/rails:9
  [1m[35m (0.2ms)[0m  [1m[34mSELECT "schema_migrations"."version" FROM "schema_migrations" ORDER BY "schema_migrations"."version" ASC[0m
  ↳ bin/rails:9
  [1m[35m (0.1ms)[0m  [1m[34mSELECT "schema_migrations"."version" FROM "schema_migrations" ORDER BY "schema_migrations"."version" ASC[0m
  ↳ bin/rails:9
  [1m[36mActiveRecord::InternalMetadata Load (0.1ms)[0m  [1m[34mSELECT  "ar_internal_metadata".* FROM "ar_internal_metadata" WHERE "ar_internal_metadata"."key" = ? LIMIT ?[0m  [["key", "environment"], ["LIMIT", 1]]
  ↳ bin/rails:9
  [1m[35m (0.0ms)[0m  [1m[36mbegin transaction[0m
  ↳ bin/rails:9
  [1m[35m (0.0ms)[0m  [1m[36mcommit transaction[0m
  ↳ bin/rails:9
  [1m[35m (0.1ms)[0m  [1m[34mSELECT "schema_migrations"."version" FROM "schema_migrations" ORDER BY "schema_migrations"."version" ASC[0m
  ↳ bin/rails:9
  [1m[35m (0.1ms)[0m  [1m[34mSELECT sqlite_version(*)[0m
  ↳ bin/rails:9
  [1m[35m (103.1ms)[0m  [1m[35mCREATE TABLE "schema_migrations" ("version" varchar NOT NULL PRIMARY KEY)[0m
  ↳ bin/rails:9
  [1m[35m (97.3ms)[0m  [1m[35mCREATE TABLE "ar_internal_metadata" ("key" varchar NOT NULL PRIMARY KEY, "value" varchar, "created_at" datetime NOT NULL, "updated_at" datetime NOT NULL)[0m
  ↳ bin/rails:9
  [1m[35m (0.1ms)[0m  [1m[34mSELECT "schema_migrations"."version" FROM "schema_migrations" ORDER BY "schema_migrations"."version" ASC[0m
  ↳ bin/rails:9
Migrating to CreateRecipes (20200803165515)
  [1m[35m (0.1ms)[0m  [1m[36mbegin transaction[0m
  ↳ bin/rails:9
  [1m[35m (0.4ms)[0m  [1m[35mCREATE TABLE "recipes" ("id" integer PRIMARY KEY AUTOINCREMENT NOT NULL, "name" varchar, "summary" text, "description" text, "created_at" datetime NOT NULL, "updated_at" datetime NOT NULL)[0m
  ↳ db/migrate/20200803165515_create_recipes.rb:3
  [1m[36mActiveRecord::SchemaMigration Create (0.3ms)[0m  [1m[32mINSERT INTO "schema_migrations" ("version") VALUES (?)[0m  [["version", "20200803165515"]]
  ↳ bin/rails:9
  [1m[35m (147.7ms)[0m  [1m[36mcommit transaction[0m
  ↳ bin/rails:9
  [1m[36mActiveRecord::InternalMetadata Load (0.2ms)[0m  [1m[34mSELECT  "ar_internal_metadata".* FROM "ar_internal_metadata" WHERE "ar_internal_metadata"."key" = ? LIMIT ?[0m  [["key", "environment"], ["LIMIT", 1]]
  ↳ bin/rails:9
  [1m[35m (0.0ms)[0m  [1m[36mbegin transaction[0m
  ↳ bin/rails:9
  [1m[36mActiveRecord::InternalMetadata Create (0.2ms)[0m  [1m[32mINSERT INTO "ar_internal_metadata" ("key", "value", "created_at", "updated_at") VALUES (?, ?, ?, ?)[0m  [["key", "environment"], ["value", "development"], ["created_at", "2020-08-03 17:05:51.029051"], ["updated_at", "2020-08-03 17:05:51.029051"]]
  ↳ bin/rails:9
  [1m[35m (129.6ms)[0m  [1m[36mcommit transaction[0m
  ↳ bin/rails:9
  [1m[35m (0.3ms)[0m  [1m[34mSELECT "schema_migrations"."version" FROM "schema_migrations" ORDER BY "schema_migrations"."version" ASC[0m
  ↳ bin/rails:9
  [1m[36mRecipes Load (0.4ms)[0m  [1m[34mSELECT  "recipes".* FROM "recipes" LIMIT ?[0m  [["LIMIT", 11]]
  [1m[35m (0.1ms)[0m  [1m[36mbegin transaction[0m
  [1m[36mRecipes Create (0.4ms)[0m  [1m[32mINSERT INTO "recipes" ("name", "summary", "description", "created_at", "updated_at") VALUES (?, ?, ?, ?, ?)[0m  [["name", "Brown soft chapati"], ["summary", "this is the most basic and complete chapati recipe"], ["description", "Work from home"], ["created_at", "2020-08-03 17:11:09.446517"], ["updated_at", "2020-08-03 17:11:09.446517"]]
  [1m[35m (98.3ms)[0m  [1m[36mcommit transaction[0m
  [1m[36mRecipes Load (0.2ms)[0m  [1m[34mSELECT  "recipes".* FROM "recipes" ORDER BY "recipes"."id" ASC LIMIT ?[0m  [["LIMIT", 1]]
  [1m[36mRecipe Load (0.4ms)[0m  [1m[34mSELECT  "recipes".* FROM "recipes" LIMIT ?[0m  [["LIMIT", 11]]
  [1m[35m (0.1ms)[0m  [1m[34mSELECT "schema_migrations"."version" FROM "schema_migrations" ORDER BY "schema_migrations"."version" ASC[0m
  ↳ /home/muzz-art/.rbenv/versions/2.7.0/bin/rake:23
Migrating to CreateChefs (20200803171746)
  [1m[35m (0.0ms)[0m  [1m[36mbegin transaction[0m
  ↳ /home/muzz-art/.rbenv/versions/2.7.0/bin/rake:23
  [1m[35m (0.1ms)[0m  [1m[34mSELECT sqlite_version(*)[0m
  ↳ db/migrate/20200803171746_create_chefs.rb:3
  [1m[35m (0.3ms)[0m  [1m[35mCREATE TABLE "chefs" ("id" integer PRIMARY KEY AUTOINCREMENT NOT NULL, "chefname" varchar, "email" varchar, "created_at" datetime NOT NULL, "updated_at" datetime NOT NULL)[0m
  ↳ db/migrate/20200803171746_create_chefs.rb:3
  [1m[36mActiveRecord::SchemaMigration Create (0.2ms)[0m  [1m[32mINSERT INTO "schema_migrations" ("version") VALUES (?)[0m  [["version", "20200803171746"]]
  ↳ /home/muzz-art/.rbenv/versions/2.7.0/bin/rake:23
  [1m[35m (108.5ms)[0m  [1m[36mcommit transaction[0m
  ↳ /home/muzz-art/.rbenv/versions/2.7.0/bin/rake:23
  [1m[36mActiveRecord::InternalMetadata Load (0.3ms)[0m  [1m[34mSELECT  "ar_internal_metadata".* FROM "ar_internal_metadata" WHERE "ar_internal_metadata"."key" = ? LIMIT ?[0m  [["key", "environment"], ["LIMIT", 1]]
  ↳ /home/muzz-art/.rbenv/versions/2.7.0/bin/rake:23
  [1m[35m (0.1ms)[0m  [1m[36mbegin transaction[0m
  ↳ /home/muzz-art/.rbenv/versions/2.7.0/bin/rake:23
  [1m[35m (0.1ms)[0m  [1m[36mcommit transaction[0m
  ↳ /home/muzz-art/.rbenv/versions/2.7.0/bin/rake:23
  [1m[35m (0.2ms)[0m  [1m[34mSELECT "schema_migrations"."version" FROM "schema_migrations" ORDER BY "schema_migrations"."version" ASC[0m
  ↳ /home/muzz-art/.rbenv/versions/2.7.0/bin/rake:23
  [1m[36mChef Load (0.4ms)[0m  [1m[34mSELECT  "chefs".* FROM "chefs" LIMIT ?[0m  [["LIMIT", 11]]
  [1m[35m (0.1ms)[0m  [1m[36mbegin transaction[0m
  [1m[36mChef Create (0.4ms)[0m  [1m[32mINSERT INTO "chefs" ("chefname", "email", "created_at", "updated_at") VALUES (?, ?, ?, ?)[0m  [["chefname", "Oloo"], ["email", "oloo@example.com"], ["created_at", "2020-08-03 17:23:43.688080"], ["updated_at", "2020-08-03 17:23:43.688080"]]
  [1m[35m (87.5ms)[0m  [1m[36mcommit transaction[0m
  [1m[36mChef Load (0.3ms)[0m  [1m[34mSELECT  "chefs".* FROM "chefs" LIMIT ?[0m  [["LIMIT", 11]]
  [1m[36mRecipe Load (1.3ms)[0m  [1m[34mSELECT "recipes".* FROM "recipes"[0m
  [1m[35m (0.1ms)[0m  [1m[36mbegin transaction[0m
  [1m[36mRecipe Destroy (0.3ms)[0m  [1m[31mDELETE FROM "recipes" WHERE "recipes"."id" = ?[0m  [["id", 1]]
  [1m[35m (112.4ms)[0m  [1m[36mcommit transaction[0m
Started GET "/" for ::1 at 2020-08-04 20:22:54 +0300
  [1m[35m (0.1ms)[0m  [1m[34mSELECT "schema_migrations"."version" FROM "schema_migrations" ORDER BY "schema_migrations"."version" ASC[0m
  ↳ /home/muzz-art/.rbenv/versions/2.7.0/lib/ruby/gems/2.7.0/gems/activerecord-5.2.4.3/lib/active_record/log_subscriber.rb:98
Processing by PagesController#home as HTML
  Rendering pages/home.html.erb within layouts/application
  Rendered pages/home.html.erb within layouts/application (2.9ms)
  Rendered layouts/_navigation.html.erb (0.6ms)
  Rendered layouts/_footer.html.erb (0.4ms)
Completed 200 OK in 448ms (Views: 425.8ms | ActiveRecord: 0.0ms)


  [1m[35m (0.1ms)[0m  [1m[34mSELECT "schema_migrations"."version" FROM "schema_migrations" ORDER BY "schema_migrations"."version" ASC[0m
  ↳ bin/rails:9
Migrating to AddChefIdToRecipes (20200804172949)
  [1m[35m (0.1ms)[0m  [1m[36mbegin transaction[0m
  ↳ bin/rails:9
  [1m[35m (0.9ms)[0m  [1m[35mALTER TABLE "recipes" ADD "chef_id" integer[0m
  ↳ db/migrate/20200804172949_add_chef_id_to_recipes.rb:3
  [1m[36mActiveRecord::SchemaMigration Create (0.2ms)[0m  [1m[32mINSERT INTO "schema_migrations" ("version") VALUES (?)[0m  [["version", "20200804172949"]]
  ↳ bin/rails:9
  [1m[35m (70.6ms)[0m  [1m[36mcommit transaction[0m
  ↳ bin/rails:9
  [1m[36mActiveRecord::InternalMetadata Load (0.7ms)[0m  [1m[34mSELECT  "ar_internal_metadata".* FROM "ar_internal_metadata" WHERE "ar_internal_metadata"."key" = ? LIMIT ?[0m  [["key", "environment"], ["LIMIT", 1]]
  ↳ bin/rails:9
  [1m[35m (0.1ms)[0m  [1m[36mbegin transaction[0m
  ↳ bin/rails:9
  [1m[35m (0.0ms)[0m  [1m[36mcommit transaction[0m
  ↳ bin/rails:9
  [1m[35m (0.1ms)[0m  [1m[34mSELECT "schema_migrations"."version" FROM "schema_migrations" ORDER BY "schema_migrations"."version" ASC[0m
  ↳ bin/rails:9
  [1m[36mChef Load (0.4ms)[0m  [1m[34mSELECT  "chefs".* FROM "chefs" LIMIT ?[0m  [["LIMIT", 11]]
  [1m[36mRecipe Load (0.2ms)[0m  [1m[34mSELECT  "recipes".* FROM "recipes" LIMIT ?[0m  [["LIMIT", 11]]
  [1m[36mChef Load (0.6ms)[0m  [1m[34mSELECT  "chefs".* FROM "chefs" ORDER BY "chefs"."id" ASC LIMIT ?[0m  [["LIMIT", 1]]
  [1m[36mRecipe Load (0.2ms)[0m  [1m[34mSELECT  "recipes".* FROM "recipes" WHERE "recipes"."chef_id" = ? LIMIT ?[0m  [["chef_id", 1], ["LIMIT", 11]]
  [1m[35m (0.1ms)[0m  [1m[36mbegin transaction[0m
  [1m[36mRecipe Create (0.5ms)[0m  [1m[32mINSERT INTO "recipes" ("name", "summary", "description", "created_at", "updated_at", "chef_id") VALUES (?, ?, ?, ?, ?, ?)[0m  [["name", "Brown Chapo"], ["summary", "Cooking the brown soft chapo from home"], ["description", "boil water with salt and sugar, add the boiled water to flour, mix, add oil, cover to make soft, fry in a pan"], ["created_at", "2020-08-04 17:43:53.844783"], ["updated_at", "2020-08-04 17:43:53.844783"], ["chef_id", 1]]
  [1m[35m (95.7ms)[0m  [1m[36mcommit transaction[0m
  [1m[36mRecipe Load (0.2ms)[0m  [1m[34mSELECT  "recipes".* FROM "recipes" WHERE "recipes"."chef_id" = ? LIMIT ?[0m  [["chef_id", 1], ["LIMIT", 11]]
Started GET "/" for ::1 at 2020-08-04 23:40:12 +0300
  [1m[35m (0.1ms)[0m  [1m[34mSELECT "schema_migrations"."version" FROM "schema_migrations" ORDER BY "schema_migrations"."version" ASC[0m
  ↳ /home/muzz-art/.rbenv/versions/2.7.0/lib/ruby/gems/2.7.0/gems/activerecord-5.2.4.3/lib/active_record/log_subscriber.rb:98
Processing by PagesController#home as HTML
  Rendering pages/home.html.erb within layouts/application
  Rendered pages/home.html.erb within layouts/application (2.6ms)
  Rendered layouts/_navigation.html.erb (1.0ms)
  Rendered layouts/_footer.html.erb (0.5ms)
Completed 200 OK in 514ms (Views: 492.8ms | ActiveRecord: 0.0ms)


Started GET "/" for ::1 at 2020-08-04 23:45:22 +0300
Processing by PagesController#home as HTML
  Rendering pages/home.html.erb within layouts/application
  Rendered pages/home.html.erb within layouts/application (0.6ms)
  Rendered layouts/_navigation.html.erb (0.5ms)
  Rendered layouts/_footer.html.erb (0.2ms)
Completed 200 OK in 82ms (Views: 80.2ms | ActiveRecord: 0.0ms)


